<?xml version="1.0" encoding="UTF-8"?>
<!-- Generated by org.testng.reporters.JUnitXMLReporter -->
<testsuite hostname="HOMEHP-PC" ignored="0" name="Test" tests="1" failures="0" timestamp="2020-03-14T22:34:15 IST" time="0.153" errors="0">
  <testcase name="@BeforeMethod startApp" time="0.076" classname="testng.api.base.projectSpecificMethods">
    <failure type="java.lang.NoSuchMethodError" message="com.google.common.base.Preconditions.checkState(ZLjava/lang/String;Ljava/lang/Object;Ljava/lang/Object;Ljava/lang/Object;)V">
      <![CDATA[java.lang.NoSuchMethodError: com.google.common.base.Preconditions.checkState(ZLjava/lang/String;Ljava/lang/Object;Ljava/lang/Object;Ljava/lang/Object;)V
at org.openqa.selenium.remote.service.DriverService.findExecutable(DriverService.java:135)
at org.openqa.selenium.chrome.ChromeDriverService.access$000(ChromeDriverService.java:35)
at org.openqa.selenium.chrome.ChromeDriverService$Builder.findDefaultExecutable(ChromeDriverService.java:177)
at org.openqa.selenium.remote.service.DriverService$Builder.build(DriverService.java:363)
at org.openqa.selenium.chrome.ChromeDriverService.createDefaultService(ChromeDriverService.java:100)
at org.openqa.selenium.chrome.ChromeDriver.<init>(ChromeDriver.java:105)
at testng.api.base.projectSpecificMethods.startApp(projectSpecificMethods.java:12)
at java.util.ArrayList.forEach(Unknown Source)
... Removed 31 stack frames]]>
    </failure>
  </testcase> <!-- @BeforeMethod startApp -->
  <testcase name="@AfterMethod endApp" time="-1.584205455702E9" classname="testng.api.base.projectSpecificMethods">
    <skipped/>
  </testcase> <!-- @AfterMethod endApp -->
  <testcase name="Test_1" time="0.0" classname="testcases.TC_001">
    <skipped/>
  </testcase> <!-- Test_1 -->
</testsuite> <!-- Test -->
